{"D:\\FrontEndDev\\rocketseat explorer\\projeto final\\api\\src\\repositories\\UserRepositoryInMemory.js": {"path":"D:\\FrontEndDev\\rocketseat explorer\\projeto final\\api\\src\\repositories\\UserRepositoryInMemory.js","all":false,"statementMap":{"0":{"start":{"line":1,"column":0},"end":{"line":1,"column":29}},"1":{"start":{"line":2,"column":0},"end":{"line":2,"column":15}},"2":{"start":{"line":3,"column":0},"end":{"line":3,"column":42}},"3":{"start":{"line":4,"column":0},"end":{"line":4,"column":25}},"4":{"start":{"line":5,"column":0},"end":{"line":5,"column":49}},"5":{"start":{"line":6,"column":0},"end":{"line":6,"column":17}},"6":{"start":{"line":7,"column":0},"end":{"line":7,"column":18}},"7":{"start":{"line":8,"column":0},"end":{"line":8,"column":20}},"8":{"start":{"line":9,"column":0},"end":{"line":9,"column":10}},"9":{"start":{"line":10,"column":0},"end":{"line":10,"column":39}},"10":{"start":{"line":11,"column":0},"end":{"line":11,"column":25}},"11":{"start":{"line":12,"column":0},"end":{"line":12,"column":5}},"12":{"start":{"line":13,"column":0},"end":{"line":13,"column":0}},"13":{"start":{"line":14,"column":0},"end":{"line":14,"column":36}},"14":{"start":{"line":15,"column":0},"end":{"line":15,"column":55}},"15":{"start":{"line":16,"column":0},"end":{"line":16,"column":35}},"16":{"start":{"line":17,"column":0},"end":{"line":17,"column":1}},"17":{"start":{"line":18,"column":0},"end":{"line":18,"column":59}},"18":{"start":{"line":19,"column":0},"end":{"line":19,"column":5}},"19":{"start":{"line":20,"column":0},"end":{"line":20,"column":0}},"20":{"start":{"line":21,"column":0},"end":{"line":21,"column":33}},"21":{"start":{"line":22,"column":0},"end":{"line":22,"column":67}},"22":{"start":{"line":23,"column":0},"end":{"line":23,"column":0}},"23":{"start":{"line":24,"column":0},"end":{"line":24,"column":5}},"24":{"start":{"line":25,"column":0},"end":{"line":25,"column":0}},"25":{"start":{"line":26,"column":0},"end":{"line":26,"column":32}},"26":{"start":{"line":27,"column":0},"end":{"line":27,"column":66}},"27":{"start":{"line":28,"column":0},"end":{"line":28,"column":5}},"28":{"start":{"line":29,"column":0},"end":{"line":29,"column":0}},"29":{"start":{"line":30,"column":0},"end":{"line":30,"column":1}},"30":{"start":{"line":31,"column":0},"end":{"line":31,"column":0}},"31":{"start":{"line":32,"column":0},"end":{"line":32,"column":40}}},"s":{"0":6,"1":6,"2":6,"3":6,"4":6,"5":6,"6":6,"7":6,"8":6,"9":6,"10":6,"11":6,"12":6,"13":6,"14":1,"15":1,"16":1,"17":1,"18":1,"19":6,"20":6,"21":10,"22":10,"23":10,"24":6,"25":6,"26":5,"27":5,"28":6,"29":6,"30":1,"31":1},"branchMap":{"0":{"type":"branch","line":1,"loc":{"start":{"line":1,"column":0},"end":{"line":30,"column":1}},"locations":[{"start":{"line":1,"column":0},"end":{"line":30,"column":1}}]},"1":{"type":"branch","line":3,"loc":{"start":{"line":3,"column":4},"end":{"line":12,"column":5}},"locations":[{"start":{"line":3,"column":4},"end":{"line":12,"column":5}}]},"2":{"type":"branch","line":14,"loc":{"start":{"line":14,"column":4},"end":{"line":19,"column":5}},"locations":[{"start":{"line":14,"column":4},"end":{"line":19,"column":5}}]},"3":{"type":"branch","line":15,"loc":{"start":{"line":15,"column":26},"end":{"line":15,"column":53}},"locations":[{"start":{"line":15,"column":26},"end":{"line":15,"column":53}}]},"4":{"type":"branch","line":18,"loc":{"start":{"line":18,"column":31},"end":{"line":18,"column":57}},"locations":[{"start":{"line":18,"column":31},"end":{"line":18,"column":57}}]},"5":{"type":"branch","line":21,"loc":{"start":{"line":21,"column":4},"end":{"line":24,"column":5}},"locations":[{"start":{"line":21,"column":4},"end":{"line":24,"column":5}}]},"6":{"type":"branch","line":22,"loc":{"start":{"line":22,"column":37},"end":{"line":22,"column":65}},"locations":[{"start":{"line":22,"column":37},"end":{"line":22,"column":65}}]},"7":{"type":"branch","line":26,"loc":{"start":{"line":26,"column":4},"end":{"line":28,"column":5}},"locations":[{"start":{"line":26,"column":4},"end":{"line":28,"column":5}}]},"8":{"type":"branch","line":27,"loc":{"start":{"line":27,"column":37},"end":{"line":27,"column":64}},"locations":[{"start":{"line":27,"column":37},"end":{"line":27,"column":64}}]}},"b":{"0":[6],"1":[6],"2":[1],"3":[1],"4":[1],"5":[10],"6":[6],"7":[5],"8":[4]},"fnMap":{"0":{"name":"<instance_members_initializer>","decl":{"start":{"line":1,"column":0},"end":{"line":30,"column":1}},"loc":{"start":{"line":1,"column":0},"end":{"line":30,"column":1}},"line":1},"1":{"name":"create","decl":{"start":{"line":3,"column":4},"end":{"line":12,"column":5}},"loc":{"start":{"line":3,"column":4},"end":{"line":12,"column":5}},"line":3},"2":{"name":"update","decl":{"start":{"line":14,"column":4},"end":{"line":19,"column":5}},"loc":{"start":{"line":14,"column":4},"end":{"line":19,"column":5}},"line":14},"3":{"name":"findUserByEmail","decl":{"start":{"line":21,"column":4},"end":{"line":24,"column":5}},"loc":{"start":{"line":21,"column":4},"end":{"line":24,"column":5}},"line":21},"4":{"name":"findUserById","decl":{"start":{"line":26,"column":4},"end":{"line":28,"column":5}},"loc":{"start":{"line":26,"column":4},"end":{"line":28,"column":5}},"line":26}},"f":{"0":6,"1":6,"2":1,"3":10,"4":5}}
,"D:\\FrontEndDev\\rocketseat explorer\\projeto final\\api\\src\\services\\UserCreateService.js": {"path":"D:\\FrontEndDev\\rocketseat explorer\\projeto final\\api\\src\\services\\UserCreateService.js","all":false,"statementMap":{"0":{"start":{"line":1,"column":0},"end":{"line":1,"column":0}},"1":{"start":{"line":2,"column":0},"end":{"line":2,"column":46}},"2":{"start":{"line":3,"column":0},"end":{"line":3,"column":37}},"3":{"start":{"line":4,"column":0},"end":{"line":4,"column":0}},"4":{"start":{"line":5,"column":0},"end":{"line":5,"column":25}},"5":{"start":{"line":6,"column":0},"end":{"line":6,"column":33}},"6":{"start":{"line":7,"column":0},"end":{"line":7,"column":45}},"7":{"start":{"line":8,"column":0},"end":{"line":8,"column":5}},"8":{"start":{"line":9,"column":0},"end":{"line":9,"column":36}},"9":{"start":{"line":10,"column":0},"end":{"line":10,"column":24}},"10":{"start":{"line":11,"column":0},"end":{"line":11,"column":8}},"11":{"start":{"line":12,"column":0},"end":{"line":12,"column":85}},"12":{"start":{"line":13,"column":0},"end":{"line":13,"column":56}},"13":{"start":{"line":14,"column":0},"end":{"line":14,"column":27}},"14":{"start":{"line":15,"column":0},"end":{"line":15,"column":78}},"15":{"start":{"line":16,"column":0},"end":{"line":16,"column":9}},"16":{"start":{"line":17,"column":0},"end":{"line":17,"column":8}},"17":{"start":{"line":18,"column":0},"end":{"line":18,"column":35}},"18":{"start":{"line":19,"column":0},"end":{"line":19,"column":60}},"19":{"start":{"line":20,"column":0},"end":{"line":20,"column":8}},"20":{"start":{"line":21,"column":0},"end":{"line":21,"column":45}},"21":{"start":{"line":22,"column":0},"end":{"line":22,"column":39}},"22":{"start":{"line":23,"column":0},"end":{"line":23,"column":0}},"23":{"start":{"line":24,"column":0},"end":{"line":24,"column":33}},"24":{"start":{"line":25,"column":0},"end":{"line":25,"column":67}},"25":{"start":{"line":26,"column":0},"end":{"line":26,"column":0}},"26":{"start":{"line":27,"column":0},"end":{"line":27,"column":27}},"27":{"start":{"line":28,"column":0},"end":{"line":28,"column":5}},"28":{"start":{"line":29,"column":0},"end":{"line":29,"column":0}},"29":{"start":{"line":30,"column":0},"end":{"line":30,"column":1}},"30":{"start":{"line":31,"column":0},"end":{"line":31,"column":0}},"31":{"start":{"line":32,"column":0},"end":{"line":32,"column":0}},"32":{"start":{"line":33,"column":0},"end":{"line":33,"column":35}}},"s":{"0":1,"1":1,"2":1,"3":1,"4":1,"5":1,"6":6,"7":6,"8":1,"9":1,"10":7,"11":7,"12":7,"13":7,"14":1,"15":1,"16":6,"17":6,"18":6,"19":6,"20":6,"21":6,"22":6,"23":6,"24":6,"25":6,"26":6,"27":6,"28":1,"29":1,"30":1,"31":1,"32":1},"branchMap":{"0":{"type":"branch","line":6,"loc":{"start":{"line":6,"column":4},"end":{"line":8,"column":5}},"locations":[{"start":{"line":6,"column":4},"end":{"line":8,"column":5}}]},"1":{"type":"branch","line":10,"loc":{"start":{"line":10,"column":4},"end":{"line":28,"column":5}},"locations":[{"start":{"line":10,"column":4},"end":{"line":28,"column":5}}]},"2":{"type":"branch","line":14,"loc":{"start":{"line":14,"column":26},"end":{"line":16,"column":9}},"locations":[{"start":{"line":14,"column":26},"end":{"line":16,"column":9}}]},"3":{"type":"branch","line":16,"loc":{"start":{"line":16,"column":8},"end":{"line":28,"column":5}},"locations":[{"start":{"line":16,"column":8},"end":{"line":28,"column":5}}]}},"b":{"0":[6],"1":[7],"2":[1],"3":[6]},"fnMap":{"0":{"name":"UserCreateService","decl":{"start":{"line":6,"column":4},"end":{"line":8,"column":5}},"loc":{"start":{"line":6,"column":4},"end":{"line":8,"column":5}},"line":6},"1":{"name":"execute","decl":{"start":{"line":10,"column":4},"end":{"line":28,"column":5}},"loc":{"start":{"line":10,"column":4},"end":{"line":28,"column":5}},"line":10}},"f":{"0":6,"1":7}}
,"D:\\FrontEndDev\\rocketseat explorer\\projeto final\\api\\src\\services\\UserUpdateService.js": {"path":"D:\\FrontEndDev\\rocketseat explorer\\projeto final\\api\\src\\services\\UserUpdateService.js","all":false,"statementMap":{"0":{"start":{"line":1,"column":0},"end":{"line":1,"column":46}},"1":{"start":{"line":2,"column":0},"end":{"line":2,"column":46}},"2":{"start":{"line":3,"column":0},"end":{"line":3,"column":0}},"3":{"start":{"line":4,"column":0},"end":{"line":4,"column":25}},"4":{"start":{"line":5,"column":0},"end":{"line":5,"column":33}},"5":{"start":{"line":6,"column":0},"end":{"line":6,"column":45}},"6":{"start":{"line":7,"column":0},"end":{"line":7,"column":5}},"7":{"start":{"line":8,"column":0},"end":{"line":8,"column":0}},"8":{"start":{"line":9,"column":0},"end":{"line":9,"column":38}},"9":{"start":{"line":10,"column":0},"end":{"line":10,"column":69}},"10":{"start":{"line":11,"column":0},"end":{"line":11,"column":32}},"11":{"start":{"line":12,"column":0},"end":{"line":12,"column":18}},"12":{"start":{"line":13,"column":0},"end":{"line":13,"column":58}},"13":{"start":{"line":14,"column":0},"end":{"line":14,"column":9}},"14":{"start":{"line":15,"column":0},"end":{"line":15,"column":96}},"15":{"start":{"line":16,"column":0},"end":{"line":16,"column":8}},"16":{"start":{"line":17,"column":0},"end":{"line":17,"column":61}},"17":{"start":{"line":18,"column":0},"end":{"line":18,"column":76}},"18":{"start":{"line":19,"column":0},"end":{"line":19,"column":79}},"19":{"start":{"line":20,"column":0},"end":{"line":20,"column":9}},"20":{"start":{"line":21,"column":0},"end":{"line":21,"column":0}},"21":{"start":{"line":22,"column":0},"end":{"line":22,"column":63}},"22":{"start":{"line":23,"column":0},"end":{"line":23,"column":48}},"23":{"start":{"line":24,"column":0},"end":{"line":24,"column":51}},"24":{"start":{"line":25,"column":0},"end":{"line":25,"column":0}},"25":{"start":{"line":26,"column":0},"end":{"line":26,"column":68}},"26":{"start":{"line":27,"column":0},"end":{"line":27,"column":57}},"27":{"start":{"line":28,"column":0},"end":{"line":28,"column":55}},"28":{"start":{"line":29,"column":0},"end":{"line":29,"column":90}},"29":{"start":{"line":30,"column":0},"end":{"line":30,"column":0}},"30":{"start":{"line":31,"column":0},"end":{"line":31,"column":53}},"31":{"start":{"line":32,"column":0},"end":{"line":32,"column":34}},"32":{"start":{"line":33,"column":0},"end":{"line":33,"column":66}},"33":{"start":{"line":34,"column":0},"end":{"line":34,"column":13}},"34":{"start":{"line":35,"column":0},"end":{"line":35,"column":53}},"35":{"start":{"line":36,"column":0},"end":{"line":36,"column":65}},"36":{"start":{"line":37,"column":0},"end":{"line":37,"column":9}},"37":{"start":{"line":38,"column":0},"end":{"line":38,"column":0}},"38":{"start":{"line":39,"column":0},"end":{"line":39,"column":56}},"39":{"start":{"line":40,"column":0},"end":{"line":40,"column":0}},"40":{"start":{"line":41,"column":0},"end":{"line":41,"column":76}},"41":{"start":{"line":42,"column":0},"end":{"line":42,"column":0}},"42":{"start":{"line":43,"column":0},"end":{"line":43,"column":37}},"43":{"start":{"line":44,"column":0},"end":{"line":44,"column":0}},"44":{"start":{"line":45,"column":0},"end":{"line":45,"column":27}},"45":{"start":{"line":46,"column":0},"end":{"line":46,"column":8}},"46":{"start":{"line":47,"column":0},"end":{"line":47,"column":5}},"47":{"start":{"line":48,"column":0},"end":{"line":48,"column":0}},"48":{"start":{"line":49,"column":0},"end":{"line":49,"column":1}},"49":{"start":{"line":50,"column":0},"end":{"line":50,"column":0}},"50":{"start":{"line":51,"column":0},"end":{"line":51,"column":0}},"51":{"start":{"line":52,"column":0},"end":{"line":52,"column":35}}},"s":{"0":1,"1":1,"2":1,"3":1,"4":1,"5":4,"6":4,"7":1,"8":1,"9":4,"10":4,"11":4,"12":1,"13":1,"14":3,"15":3,"16":3,"17":4,"18":1,"19":1,"20":2,"21":2,"22":4,"23":4,"24":4,"25":4,"26":4,"27":1,"28":1,"29":1,"30":1,"31":1,"32":1,"33":1,"34":0,"35":0,"36":0,"37":1,"38":1,"39":1,"40":1,"41":1,"42":1,"43":1,"44":1,"45":1,"46":1,"47":1,"48":1,"49":1,"50":1,"51":1},"branchMap":{"0":{"type":"branch","line":5,"loc":{"start":{"line":5,"column":4},"end":{"line":7,"column":5}},"locations":[{"start":{"line":5,"column":4},"end":{"line":7,"column":5}}]},"1":{"type":"branch","line":9,"loc":{"start":{"line":9,"column":4},"end":{"line":47,"column":5}},"locations":[{"start":{"line":9,"column":4},"end":{"line":47,"column":5}}]},"2":{"type":"branch","line":12,"loc":{"start":{"line":12,"column":17},"end":{"line":14,"column":9}},"locations":[{"start":{"line":12,"column":17},"end":{"line":14,"column":9}}]},"3":{"type":"branch","line":14,"loc":{"start":{"line":14,"column":8},"end":{"line":18,"column":74}},"locations":[{"start":{"line":14,"column":8},"end":{"line":18,"column":74}}]},"4":{"type":"branch","line":18,"loc":{"start":{"line":18,"column":75},"end":{"line":20,"column":9}},"locations":[{"start":{"line":18,"column":75},"end":{"line":20,"column":9}}]},"5":{"type":"branch","line":20,"loc":{"start":{"line":20,"column":8},"end":{"line":23,"column":38}},"locations":[{"start":{"line":20,"column":8},"end":{"line":23,"column":38}}]},"6":{"type":"branch","line":23,"loc":{"start":{"line":23,"column":34},"end":{"line":23,"column":47}},"locations":[{"start":{"line":23,"column":34},"end":{"line":23,"column":47}}]},"7":{"type":"branch","line":24,"loc":{"start":{"line":24,"column":36},"end":{"line":24,"column":50}},"locations":[{"start":{"line":24,"column":36},"end":{"line":24,"column":50}}]},"8":{"type":"branch","line":27,"loc":{"start":{"line":27,"column":29},"end":{"line":27,"column":55}},"locations":[{"start":{"line":27,"column":29},"end":{"line":27,"column":55}}]},"9":{"type":"branch","line":27,"loc":{"start":{"line":27,"column":56},"end":{"line":47,"column":5}},"locations":[{"start":{"line":27,"column":56},"end":{"line":47,"column":5}}]},"10":{"type":"branch","line":34,"loc":{"start":{"line":34,"column":12},"end":{"line":37,"column":9}},"locations":[{"start":{"line":34,"column":12},"end":{"line":37,"column":9}}]}},"b":{"0":[4],"1":[4],"2":[1],"3":[3],"4":[1],"5":[2],"6":[0],"7":[0],"8":[2],"9":[1],"10":[0]},"fnMap":{"0":{"name":"UserUpdateService","decl":{"start":{"line":5,"column":4},"end":{"line":7,"column":5}},"loc":{"start":{"line":5,"column":4},"end":{"line":7,"column":5}},"line":5},"1":{"name":"execute","decl":{"start":{"line":9,"column":4},"end":{"line":47,"column":5}},"loc":{"start":{"line":9,"column":4},"end":{"line":47,"column":5}},"line":9}},"f":{"0":4,"1":4}}
,"D:\\FrontEndDev\\rocketseat explorer\\projeto final\\api\\src\\utils\\AppError.js": {"path":"D:\\FrontEndDev\\rocketseat explorer\\projeto final\\api\\src\\utils\\AppError.js","all":false,"statementMap":{"0":{"start":{"line":1,"column":0},"end":{"line":1,"column":15}},"1":{"start":{"line":2,"column":0},"end":{"line":2,"column":12}},"2":{"start":{"line":3,"column":0},"end":{"line":3,"column":15}},"3":{"start":{"line":4,"column":0},"end":{"line":4,"column":0}},"4":{"start":{"line":5,"column":0},"end":{"line":5,"column":43}},"5":{"start":{"line":6,"column":0},"end":{"line":6,"column":29}},"6":{"start":{"line":7,"column":0},"end":{"line":7,"column":35}},"7":{"start":{"line":8,"column":0},"end":{"line":8,"column":5}},"8":{"start":{"line":9,"column":0},"end":{"line":9,"column":1}},"9":{"start":{"line":10,"column":0},"end":{"line":10,"column":0}},"10":{"start":{"line":11,"column":0},"end":{"line":11,"column":26}}},"s":{"0":8,"1":8,"2":8,"3":8,"4":8,"5":8,"6":8,"7":8,"8":8,"9":1,"10":1},"branchMap":{"0":{"type":"branch","line":1,"loc":{"start":{"line":1,"column":0},"end":{"line":9,"column":1}},"locations":[{"start":{"line":1,"column":0},"end":{"line":9,"column":1}}]},"1":{"type":"branch","line":5,"loc":{"start":{"line":5,"column":4},"end":{"line":8,"column":5}},"locations":[{"start":{"line":5,"column":4},"end":{"line":8,"column":5}}]}},"b":{"0":[8],"1":[8]},"fnMap":{"0":{"name":"<instance_members_initializer>","decl":{"start":{"line":1,"column":0},"end":{"line":9,"column":1}},"loc":{"start":{"line":1,"column":0},"end":{"line":9,"column":1}},"line":1},"1":{"name":"AppError","decl":{"start":{"line":5,"column":4},"end":{"line":8,"column":5}},"loc":{"start":{"line":5,"column":4},"end":{"line":8,"column":5}},"line":5}},"f":{"0":8,"1":8}}
}
