TN:
SF:src\repositories\UserRepositoryInMemory.js
FN:1,<instance_members_initializer>
FN:3,create
FN:16,update
FN:20,findByEmail
FN:26,findById
FNF:5
FNH:3
FNDA:2,<instance_members_initializer>
FNDA:2,create
FNDA:0,update
FNDA:3,findByEmail
FNDA:0,findById
DA:1,2
DA:2,2
DA:3,2
DA:4,2
DA:5,2
DA:6,2
DA:7,2
DA:8,2
DA:9,2
DA:10,2
DA:11,2
DA:12,2
DA:13,2
DA:14,2
DA:15,2
DA:16,2
DA:17,0
DA:18,0
DA:19,2
DA:20,2
DA:21,3
DA:22,3
DA:23,3
DA:24,3
DA:25,2
DA:26,2
DA:27,0
DA:28,0
DA:29,2
DA:30,2
DA:31,1
DA:32,1
LF:32
LH:28
BRDA:1,0,0,2
BRDA:3,1,0,2
BRDA:20,2,0,3
BRDA:21,3,0,1
BRDA:22,4,0,1
BRF:5
BRH:5
end_of_record
TN:
SF:src\services\UserCreateService.js
FN:5,UserCreateService
FN:9,execute
FNF:2
FNH:2
FNDA:2,UserCreateService
FNDA:3,execute
DA:1,1
DA:2,1
DA:3,1
DA:4,1
DA:5,1
DA:6,2
DA:7,2
DA:8,1
DA:9,1
DA:10,3
DA:11,3
DA:12,3
DA:13,1
DA:14,1
DA:15,2
DA:16,2
DA:17,2
DA:18,2
DA:19,2
DA:20,2
DA:21,2
DA:22,2
DA:23,2
DA:24,1
DA:25,1
DA:26,1
DA:27,1
DA:28,1
LF:28
LH:28
BRDA:5,0,0,2
BRDA:9,1,0,3
BRDA:12,2,0,1
BRDA:14,3,0,2
BRF:4
BRH:4
end_of_record
TN:
SF:src\util\AppError.js
FN:1,<instance_members_initializer>
FN:5,AppError
FNF:2
FNH:2
FNDA:2,<instance_members_initializer>
FNDA:2,AppError
DA:1,2
DA:2,2
DA:3,2
DA:4,2
DA:5,2
DA:6,2
DA:7,2
DA:8,2
DA:9,2
DA:10,1
DA:11,1
LF:11
LH:11
BRDA:1,0,0,2
BRDA:5,1,0,2
BRF:2
BRH:2
end_of_record
