TN:
SF:src\repositories\FoodsRepositoryInMemory.js
FN:3,<instance_members_initializer>
FN:5,create
FN:13,update
FN:20,findFoodById
FN:24,findFoodsByIngredients
FN:31,delete
FNF:6
FNH:2
FNDA:2,<instance_members_initializer>
FNDA:1,create
FNDA:0,update
FNDA:0,findFoodById
FNDA:0,findFoodsByIngredients
FNDA:0,delete
DA:1,1
DA:2,1
DA:3,2
DA:4,2
DA:5,2
DA:6,1
DA:7,1
DA:8,1
DA:9,1
DA:10,1
DA:11,2
DA:12,2
DA:13,2
DA:14,0
DA:15,0
DA:16,0
DA:17,0
DA:18,0
DA:19,2
DA:20,2
DA:21,0
DA:22,0
DA:23,2
DA:24,2
DA:25,0
DA:26,0
DA:27,0
DA:28,0
DA:29,0
DA:30,2
DA:31,2
DA:32,0
DA:33,0
DA:34,0
DA:35,2
DA:36,2
DA:37,1
DA:38,1
DA:39,1
LF:39
LH:24
BRDA:3,0,0,2
BRDA:5,1,0,1
BRF:2
BRH:2
end_of_record
TN:
SF:src\repositories\UsersRepositoryInMemory.js
FN:1,<instance_members_initializer>
FN:3,create
FN:14,update
FN:24,findUserByEmail
FN:29,findUserById
FNF:5
FNH:5
FNDA:8,<instance_members_initializer>
FNDA:7,create
FNDA:1,update
FNDA:11,findUserByEmail
FNDA:6,findUserById
DA:1,8
DA:2,8
DA:3,8
DA:4,7
DA:5,7
DA:6,7
DA:7,7
DA:8,7
DA:9,7
DA:10,7
DA:11,7
DA:12,7
DA:13,8
DA:14,8
DA:15,1
DA:16,1
DA:17,1
DA:18,1
DA:19,1
DA:20,1
DA:21,1
DA:22,1
DA:23,8
DA:24,8
DA:25,11
DA:26,11
DA:27,11
DA:28,8
DA:29,8
DA:30,6
DA:31,6
DA:32,8
DA:33,8
DA:34,1
DA:35,1
LF:35
LH:35
BRDA:1,0,0,8
BRDA:3,1,0,7
BRDA:14,2,0,1
BRDA:15,3,0,1
BRDA:21,4,0,1
BRDA:24,5,0,11
BRDA:25,6,0,6
BRDA:29,7,0,6
BRDA:30,8,0,5
BRF:9
BRH:9
end_of_record
TN:
SF:src\services\FoodsCreateService.js
FN:5,FoodsCreateService
FN:9,execute
FNF:2
FNH:2
FNDA:2,FoodsCreateService
FNDA:2,execute
DA:1,1
DA:2,1
DA:3,1
DA:4,1
DA:5,1
DA:6,2
DA:7,2
DA:8,1
DA:9,1
DA:10,2
DA:11,1
DA:12,1
DA:13,1
DA:14,1
DA:15,1
DA:16,1
DA:17,1
DA:18,1
DA:19,1
LF:19
LH:19
BRDA:5,0,0,2
BRDA:9,1,0,2
BRDA:10,2,0,1
BRF:3
BRH:3
end_of_record
TN:
SF:src\services\UsersCreateService.js
FN:6,UsersCreateService
FN:11,validEmail
FN:16,execute
FNF:3
FNH:3
FNDA:8,UsersCreateService
FNDA:9,validEmail
FNDA:9,execute
DA:1,1
DA:2,1
DA:3,1
DA:4,1
DA:5,1
DA:6,1
DA:7,8
DA:8,8
DA:9,1
DA:10,1
DA:11,1
DA:12,9
DA:13,9
DA:14,1
DA:15,1
DA:16,1
DA:17,9
DA:18,9
DA:19,9
DA:20,1
DA:21,1
DA:22,8
DA:23,8
DA:24,8
DA:25,9
DA:26,1
DA:27,1
DA:28,7
DA:29,7
DA:30,7
DA:31,7
DA:32,7
DA:33,7
DA:34,7
DA:35,7
DA:36,7
DA:37,7
DA:38,7
DA:39,7
DA:40,1
DA:41,1
DA:42,1
DA:43,1
DA:44,1
LF:44
LH:44
BRDA:6,0,0,8
BRDA:11,1,0,9
BRDA:16,2,0,9
BRDA:19,3,0,1
BRDA:21,4,0,8
BRDA:25,5,0,1
BRDA:27,6,0,7
BRF:7
BRH:7
end_of_record
TN:
SF:src\services\UsersUpdateService.js
FN:5,UsersUpdateService
FN:10,validEmail
FN:14,execute
FNF:3
FNH:3
FNDA:5,UsersUpdateService
FNDA:4,validEmail
FNDA:5,execute
DA:1,1
DA:2,1
DA:3,1
DA:4,1
DA:5,1
DA:6,5
DA:7,5
DA:8,1
DA:9,1
DA:10,1
DA:11,4
DA:12,4
DA:13,1
DA:14,1
DA:15,5
DA:16,5
DA:17,5
DA:18,5
DA:19,5
DA:20,1
DA:21,1
DA:22,4
DA:23,4
DA:24,4
DA:25,4
DA:26,4
DA:27,4
DA:28,4
DA:29,4
DA:30,1
DA:31,1
DA:32,3
DA:33,3
DA:34,3
DA:35,3
DA:36,4
DA:37,1
DA:38,1
DA:39,4
DA:40,4
DA:41,2
DA:42,2
DA:43,5
DA:44,5
DA:45,5
DA:46,5
DA:47,5
DA:48,5
DA:49,2
DA:50,2
DA:51,2
DA:52,2
DA:53,2
DA:54,1
DA:55,1
DA:56,1
DA:57,1
DA:58,1
DA:59,1
DA:60,1
DA:61,1
DA:62,1
DA:63,1
DA:64,1
DA:65,1
DA:66,1
DA:67,1
DA:68,1
DA:69,1
DA:70,1
DA:71,1
DA:72,1
DA:73,1
DA:74,1
DA:75,1
DA:76,1
LF:76
LH:76
BRDA:5,0,0,5
BRDA:10,1,0,4
BRDA:14,2,0,5
BRDA:19,3,0,1
BRDA:21,4,0,4
BRDA:29,5,0,1
BRDA:31,6,0,3
BRDA:36,7,0,1
BRDA:40,8,0,2
BRDA:43,9,0,0
BRDA:44,10,0,0
BRDA:48,11,0,2
BRDA:48,12,0,2
BRDA:53,13,0,1
BRDA:59,14,0,1
BRF:15
BRH:13
end_of_record
TN:
SF:src\utils\AppError.js
FN:1,<instance_members_initializer>
FN:5,AppError
FNF:2
FNH:2
FNDA:14,<instance_members_initializer>
FNDA:14,AppError
DA:1,14
DA:2,14
DA:3,14
DA:4,14
DA:5,14
DA:6,14
DA:7,14
DA:8,14
DA:9,14
DA:10,1
DA:11,1
LF:11
LH:11
BRDA:1,0,0,14
BRDA:5,1,0,14
BRF:2
BRH:2
end_of_record
